9783540594833
9789021532615
9789081093316
9789050113489
9789052106038
9789050115940
9789050113748
9789045010427
9789059560543
9781472909831
9789021558936
9789059563667
9789052108278
9789090314778
9789059562509
9789000362493
9781907920639
9789021542096
9780321453457
9789089980373
9789089981431
9789081093316
9789050113489
9789052106038
9789050115940
9789050113748
9789045010427
9789059560543
9781472909831
9789021558936
9789059563667
9789052108278
9789090314778
9789059562509
9789000362493
9781907920639
9789021542096
9783540594833
9780321453457
9789089980373
9789089981431
9789021532615
9789081093316
9789050113489
9789052106038
9789050115940
9789050113748
9789045010427
9789059560543
9781472909831
9789021558936
9789059563667
9789052108278
9789090314778
9789059562509
9789000362493
9781907920639
9789021542096
9783540594833
9780321453457
9789089980373
9789089981431
9789021532615
9789081093316
9789050113489
9789052106038
9789050115940
9789050113748
9789045010427
9789059560543
9781472909831
9789021558936
9789059563667
9789052108278
9789090314778
9789059562509
9789000362493
9781907920639
9789021542096
9783540594833
9780321453457
9789089980373
9789089981431
9789021532615
9789081093316
9789050113489
9789052106038
9789050115940
9789050113748
9789045010427
9789059560543
9781472909831
9789021558936
9789059563667
9789052108278
9789090314778
9789059562509
9789000362493
9781907920639
9789021542096
9783540594833
9780321453457
9789089980373
9789089981431
9789021532615
9789024526673
9783540594833
9783540594833
9783540594833
9781472909831
9781472909831
9781472909831
12
9781472909831
9783540594833
9789059560543
9789050116664
9789059560543
9781472909831
9789044925425
9789044926064
9789044923124
9780450044779
9789044521184
9789024577194
9789024526673
9789000362493
9789021563060
9789045317939
9789029069526
9789022532768
8711854551717
8711854551502
9789076174082
9789076174129
9789076174143
9789076174198
9789061697008
9789061697664
9789061698319
9789024519880
9789044924992
9789044928266
9789044924008
9789044918045
9789044915136
9789044910711
9789044924541
9789044923698
9789044926682
9789023007432
9789044518597
9780312865078
9789044509175
9789044510270
9789044535716
9789044517255
9789044504156
9789044501520
9789044507836
9789054290339
9789054290797
9789054290742
9789054290469
9789054290292
9789025411985
9789041005793
9789044330014
9780099487821
9789023439219
9789023405207
9789035110335
9789029011273
9789023215523
9789023215523
9789010052971
9789044916928
9789044922349
9789044915334
9789044915907
9789044922967
9789044921045
9789044919196
9789044917307
9789021814209
9789020408614
9780141047256
9780141047256
9789026112812
9789026102967
9789022975312
9789041709714
9781853260155
9789029043342
9780880291231
9789064410109
9789022549889
9789022565001
9780765305664
9789038814377
9789038814278
9789038813882
9789038805153
9789062786015
9789038836966
9789035106550
9789045850146
9789038884004
9789035104006
9789035104464
9789035118836
9789035111790
9789001549268
9789035113596
9789025430498
9789025438036
9789041005793
9789400508316
9789400506930
9789400505797
9781787630277
9789021025933
9789021025803
9789021012919
9789022525203
9789400507432
9789022981405
9789061206088
9780706420920
9780789466938
9780603035760
9789062133529
9780207146596
9780856136511
9780853760344
9780423009606
9781853263217
9789023501848
9789023501848
9789060691670
9789060692738
9789060693261
9789060693575
9789020401448
9789046120194
9789026972225
9789026972218
9789044924374
9789022995778
9789022992364
9789044981445
9789022984840
9789022978436
9789024509874
9789041712394
9789021010496
9789024540488
9789024550920
9789024509157
9789024535088
9789024520848
9789024548064
9789024524341
9789024516810
9789024523399
9789024514526
9789021028422
9789023003182
9780140430721
9789026975196
9780440121220
9780330257060
9780330245890
9780140430745
9789061122012
9789400501041
9789022992531
9789022987216
9789022529256
9789047702139
9789024520565
9789049500061
9780552147828
9780007201778
9780007164776
9789018020927
9789025412289
9789056912185
9789026308482
9789063254735
9789026107115
9789041024855
9789036600774
9789070099084
9789070099091
9789070099107
9789050116213
9780691180373
9788416728374
9789063910051
9789052107394
9789050116022
9789064070723
9789064071362
9789064070747
9789064070723
9789064070723
9789064070723
9789064071355
9789064070754
9789064071379
9789064070983
9789064070730
9781565042490
9781578590711
9789022532904
9780708860731
9780708831533
9789022537275
9789027400154
9789027468758
9789064410437
9789064410529
9789064410666
9789064410581
9789064410574
9789064410567
9789064410949
9789064410956
9789064410802
9789064410710
9789064410703
9789064410420
9781852831646
9789039700587
9780099781417
9781856850117
9789462262836
9780856470820
9780671890094
9780006371083
9780340505991
9780340339671
9783453860636
9780413180605
9780340230244
9780330311663
9780600382430
9789022979372
9789022979341
9780553296129
9780553560718
9780553564921
9780553576115
9780767830058
9789022919361
9789047508953
9789059562035
9789058971258
9789021588490
9789021555225
9789043907514
9789043909518
9789025426088
9789025419691
9789025411572
9789025429607
9789065907868
9789060974285
9789058550996
9789059564664
9781785031168
9789059563797
9789059565388
9789059569911
9789059567580
9780767830058
9780767830058
9780553576115
9780767830058
9780553572773
9780553290981
9780553286397
9780553295412
9780553561401
9780553403770
9780553403787
9780553573251
9780140106961
9789024539505
9789024539604
9780886774141
9780711250048
9780886774547
9780886774639
9780886773786
9780886774004
9780886773779
9780886775636
9780886775162
9780886776121
9780886776619
9781857984606
9780886777555
9780345350480
9780987981929
9789029056472
9789029059176
9789029065795
9780345356512
9780006173991
9780886773526
9780886774264
9780886779894
9789052101019
9789035118164
9789060059517
9789461560087
9789050183611
9789079445509
9789027465917
9789035130319
9789027472847
9789064411113
9789064411069
9789064411007
9789064411076
9789052406008
9789038831244
9789046702567
9789047701712
9789068827286
9789051210613
9789074950022
9789074950015
9789038901398
9789038902418
9789038901848
9789038903552
9789038900919
9789038903125
9789038904849
9789038902401
9789038903118
9789051214178
9789051210361
9789051214048
9789051210385
9789051215106
9789051210392
9789051211269
9789051210743
9789051210750
9789051211252
9789074950077
9789051218558
9789051214598
9789051216608
9789051211160
9789051214970
9780910791632
9789051214253
9789074950114
9789060742808
9780575065185
9789027445407
9789023008392
9789023007432
9781900512060
9780575061156
9789041000392
9789061344254
9780330343589
9780871161970
9789022987971
9780709064282
9789021402970
9789025498948
9780340850398
9789021007588
9789013031140
9789050188722
9789050187817
9789050187978
9789045028163
9789057593161
9789057591006
9789057594250
9789041350275
8716963553829
9789055130085
9781844513352
9781844514410
9780600618225
9789059201606
9789059205239
9789059561380
9781840388374
9781405437042
9789045207247
9789492821003
9789050117401
9789044732252
9789079824113
9789057673016
9789062130481
9789062136711
9789062134182
9789062133017
9789062130481
9789022946565
9789044920970
9789022946206
9789022946619
9789022946381
9789044920963
9789062134526
9789060756539
9780906710753
9789063175535
9789064074035
9789059562509
9789052108278
9789059563667
9789021558936
9789045010427
9789050113748
9789050115940
9789052106038
9789050113489
9789081093316
9789018020927
9789022612118
9789022010389
9781472964526
9789021559223
9789052107899
9789021565620
9789050113021
9789050112925
9782952162005
9789050112642
9780670803545
9789050111935
9789051070484
9789050116268
9789052102931
9789021577777
9789050110532
9781851531660
9789003906106
9789050111102
9789051070583
9789050115001
9789050115117
9789062482849
9789001380038
9789052100838
9789052104355
9789003973658
9789003953209
9789003919106
9789051070668
9789051070576
9789051070521
9789050110778
9789050111140
9789050116022
9789070099084
9789070099091
9789036600774
9788416728374
9789063910051
9789052107394
9780691180373
9789050111683
9781472970428
9789052104195
9789010019356
9781408134696
9780907446026
9781907316005
9780955863639
9780955863622
9780956779526
9789050115568
9789491648182
9781472951847
9788416728022
9789029001564
9789029000086
9789025101008
9789003973450
9780008316372
9789035134249
9789038814513
9789029096188
9789029099813
9780714109312
9789060139165
9789060971468
9789085162414
9789789059652
9789059655447
9789050116749
9789029043205
9781841496023
9780380014309
9780886774004
9780886773779
9780886773786
9789022532768
9789029069526
9789027418241
9789027405470
9789027412638
9789027418913
9789024537976
9789044518597
9789010301192
9789021480985
9789062071012
9780450044779
9789044923124
9789021305905
9789035110335
9789027455321
9789027490094
9789061201915
9789010054913
9789022517413
9789022507810
9789029067072
9789022532539
9789022532515
9789022532522
9789063177324
9780671656157
9780886776145
9780886771225
9780756402679
9780553290790
9780586215234
9780586215241
9780586215227
9780006480303
9780140177046
9789022515402
9780552123822
9780552123488
9780552122849
9780552124355
9780552124478
9780345352668
9780345369352
9780345363312
9780345358806
9780345377593
9780345403957
9780345385208
9780586203729
9780586203736
9780586203743
9780586213131
9780586213162
9780586213179
9780863691515
9780316438988
9780316219136
9780316219181
9789022508954
9789045314600
9789058269843
9789000365555
9789050116428
9789050116435
9789029007078
9789024515974
9789052102405
9789052102405
9789038805221
9789050114332
9789003944931
9789021014098
9789024552368
9789024558766
9789026916625
9789020607512
9789020607536
9789020607574
9789020607581
9789020607611
9789020607727
9789020607703
9789020607628
9789020607635
9789020607659
9789020607673
9789020607666
9789400510296
9789027423405
9789027431196
9789027424822
9789027422668
9789088863974
9789050006040
9789029054225
9789029070881
9789022533741
9789022545096
9789022537336
9789022534847
9789022544037
9789029068307
9789022512296
9789044306842
9789022983676
9789029044547
9789022533932
9789029067706
9789022538340
9789044927603
9780767830058
9789064410338
9789022539392
9789027445445
9789027446435
9789022953341
9789022532508
9789029067720
9789064507700
9787560076355
9789024529964
9789027410689
9789027406644
9789029066945
9789044504088
9789050117548
9789050115919
9789022994375
9789044519259
9789022585849
9789047503286
9789047502920
9789052108636
9789061201533
9789055460274
9789022548776
9789041413208
9789068061222
9780708860724
9789057640377
9789022953945
9789022978443
9780553582444
9789492037800
9789022549902
9789041404510
9789023410843
9789041424242
9789041416490
9789022593639
9789041415813
9789029562577
9789022513736
9789022513002
9789021014548
9789051087079
9789022984215
9789022983195
9789022985380
9789051086423
9789022992111
9789024551521
